Add Housemade Pesto (dairy, no nuts): 350
Add Provolone: 350
Add Housemade Lamb: 450
Add Sliced Tomatoes: 350
Add Black Olives: 350
Add Pineapple: 350
Add Jalapenos: 350
Add Housemade Spinach: 350
Add Prosciutto: 350
Add Salami: 350
Add Housemade Ricotta: Herbed and spiced: 350
Add Housemade Roasted Garlic: 350
Add Housemade Red Onions: 350
Add Housemade Mushrooms: 350
Add Canadian Ham: 350
Add Housemade Sausage: 350
Add Daiya Vegan Cheese: 400
Add Asiago: 350
Add Sun-Dried Tomatoes: 350
Add Housemade Artichoke: 350
Add Housemade Bell Peppers: 350
Add Anchovies: 350
Add Housemade Chicken: 350
Add Pepperoni: 350

Add Housemade Lamb: 295
Add Housemade Pesto: 195
Add Provolone: 195
Add Sliced Tomatoes: 195
Add Black Olives: 195
Add Pineapple: 195
Add Jalapenos: 195
Add Housemade Spinach: 195
Add Prosciutto: 195
Add Salami: 195
Add Housemade Ricotta: Herbed and spiced: 195
Add Housemade Roasted Garlic: 195
Add Housemade Red Onions: 195
Add Housemade Mushrooms: 195
Add Canadian Ham: 195
Add Housemade Sausage: 195
Add Daiya Vegan Cheese: 200
Add Asiago: 195
Add Sun-Dried Tomatoes: 195
Add Housemade Artichoke: 195
Add Housemade Bell Peppers: 195
Add Anchovies: 195
Add Housemade Chicken: 195
Add Pepperoni: 195

